2014-07-16 Wednesday 00:50:52 EDT
2014-07-16 Wednesday 03:06:26 EDT
2014-07-16 Wednesday 03:16:46 EDT
2014-07-16 Wednesday 03:47:00 EDT
2014-07-16 Wednesday 03:55:02 EDT
2014-07-16 Wednesday 04:00:03 EDT
2014-07-16 Wednesday 04:05:02 EDT
2014-07-16 Wednesday 04:10:02 EDT
2014-07-16 Wednesday 04:15:03 EDT
2014-07-16 Wednesday 04:20:02 EDT
2014-07-16 Wednesday 04:25:02 EDT
2014-07-16 Wednesday 04:30:02 EDT
2014-07-16 Wednesday 04:35:02 EDT
2014-07-16 Wednesday 04:40:03 EDT
2014-07-16 Wednesday 04:45:02 EDT
2014-07-16 Wednesday 04:50:02 EDT
2014-07-16 Wednesday 04:55:02 EDT
2014-07-16 Wednesday 05:00:03 EDT
2014-07-16 Wednesday 05:05:02 EDT
2014-07-16 Wednesday 05:10:02 EDT
2014-07-16 Wednesday 05:15:03 EDT
2014-07-16 Wednesday 05:20:02 EDT
2014-07-16 Wednesday 05:25:02 EDT
2014-07-16 Wednesday 05:30:02 EDT
2014-07-16 Wednesday 05:35:02 EDT
2014-07-16 Wednesday 05:40:03 EDT
2014-07-16 Wednesday 05:45:06 EDT
2014-07-16 Wednesday 05:50:03 EDT
2014-07-16 Wednesday 05:55:02 EDT
2014-07-16 Wednesday 06:00:02 EDT
2014-07-16 Wednesday 06:05:03 EDT
2014-07-16 Wednesday 06:10:02 EDT
2014-07-16 Wednesday 06:15:03 EDT
2014-07-16 Wednesday 06:20:02 EDT
2014-07-16 Wednesday 06:25:03 EDT
2014-07-16 Wednesday 06:30:03 EDT
2014-07-16 Wednesday 06:35:02 EDT
2014-07-16 Wednesday 06:40:06 EDT
2014-07-16 Wednesday 06:45:02 EDT
2014-07-16 Wednesday 06:50:03 EDT
2014-07-16 Wednesday 06:55:02 EDT
2014-07-16 Wednesday 07:00:03 EDT
2014-07-16 Wednesday 07:05:02 EDT
2014-07-16 Wednesday 07:10:02 EDT
2014-07-16 Wednesday 07:15:02 EDT
2014-07-16 Wednesday 07:20:02 EDT
2014-07-16 Wednesday 07:25:02 EDT
2014-07-16 Wednesday 07:30:02 EDT
2014-07-16 Wednesday 07:35:03 EDT
2014-07-16 Wednesday 07:40:02 EDT
2014-07-16 Wednesday 07:45:03 EDT
2014-07-16 Wednesday 07:50:02 EDT
2014-07-16 Wednesday 07:55:02 EDT
2014-07-16 Wednesday 08:00:02 EDT
2014-07-16 Wednesday 08:05:02 EDT
2014-07-16 Wednesday 08:10:03 EDT
2014-07-16 Wednesday 08:15:02 EDT
2014-07-16 Wednesday 08:20:02 EDT
2014-07-16 Wednesday 08:25:03 EDT
2014-07-16 Wednesday 08:30:02 EDT
2014-07-16 Wednesday 08:35:02 EDT
2014-07-16 Wednesday 08:40:02 EDT
2014-07-16 Wednesday 08:45:02 EDT
2014-07-16 Wednesday 08:50:02 EDT
2014-07-16 Wednesday 08:55:03 EDT
2014-07-16 Wednesday 09:00:02 EDT
2014-07-16 Wednesday 09:05:03 EDT
2014-07-16 Wednesday 09:10:02 EDT
2014-07-16 Wednesday 09:15:03 EDT
2014-07-16 Wednesday 09:20:02 EDT
2014-07-16 Wednesday 09:25:02 EDT
2014-07-16 Wednesday 09:30:03 EDT
2014-07-16 Wednesday 09:35:02 EDT
2014-07-16 Wednesday 09:40:02 EDT
2014-07-16 Wednesday 09:45:03 EDT
2014-07-16 Wednesday 09:50:02 EDT
2014-07-16 Wednesday 09:55:02 EDT
2014-07-16 Wednesday 10:00:02 EDT
2014-07-16 Wednesday 10:05:03 EDT
2014-07-16 Wednesday 10:10:02 EDT
2014-07-16 Wednesday 10:15:02 EDT
2014-07-16 Wednesday 10:20:03 EDT
2014-07-16 Wednesday 10:25:02 EDT
2014-07-16 Wednesday 10:30:02 EDT
2014-07-16 Wednesday 10:35:03 EDT
2014-07-16 Wednesday 10:40:02 EDT
2014-07-16 Wednesday 10:45:03 EDT
2014-07-16 Wednesday 10:50:05 EDT
2014-07-16 Wednesday 10:55:03 EDT
2014-07-16 Wednesday 11:00:02 EDT
2014-07-16 Wednesday 11:05:03 EDT
2014-07-16 Wednesday 11:10:02 EDT
2014-07-16 Wednesday 11:15:02 EDT
2014-07-16 Wednesday 11:20:03 EDT
2014-07-16 Wednesday 11:25:02 EDT
2014-07-16 Wednesday 11:30:03 EDT
2014-07-16 Wednesday 11:35:02 EDT
2014-07-16 Wednesday 11:40:02 EDT
2014-07-16 Wednesday 11:45:03 EDT
2014-07-16 Wednesday 11:50:03 EDT
2014-07-16 Wednesday 11:55:02 EDT
2014-07-16 Wednesday 12:00:02 EDT
2014-07-16 Wednesday 12:05:03 EDT
2014-07-16 Wednesday 12:10:02 EDT
2014-07-16 Wednesday 12:15:03 EDT
2014-07-16 Wednesday 12:20:02 EDT
2014-07-16 Wednesday 12:25:02 EDT
2014-07-16 Wednesday 12:30:02 EDT
2014-07-16 Wednesday 12:35:02 EDT
2014-07-16 Wednesday 12:40:03 EDT
2014-07-16 Wednesday 12:45:02 EDT
2014-07-16 Wednesday 12:50:02 EDT
2014-07-16 Wednesday 12:55:02 EDT
2014-07-16 Wednesday 13:00:02 EDT
2014-07-16 Wednesday 13:05:03 EDT
2014-07-16 Wednesday 13:10:02 EDT
2014-07-16 Wednesday 13:15:03 EDT
2014-07-16 Wednesday 13:20:02 EDT
2014-07-16 Wednesday 13:25:02 EDT
2014-07-16 Wednesday 13:30:02 EDT
2014-07-16 Wednesday 13:35:02 EDT
2014-07-16 Wednesday 13:40:03 EDT
2014-07-16 Wednesday 13:45:02 EDT
2014-07-16 Wednesday 13:50:02 EDT
2014-07-16 Wednesday 13:55:03 EDT
2014-07-16 Wednesday 14:00:02 EDT
2014-07-16 Wednesday 14:05:02 EDT
2014-07-16 Wednesday 14:10:03 EDT
2014-07-16 Wednesday 14:15:02 EDT
2014-07-16 Wednesday 14:20:03 EDT
2014-07-16 Wednesday 14:25:02 EDT
2014-07-16 Wednesday 14:30:02 EDT
2014-07-16 Wednesday 14:35:06 EDT
2014-07-16 Wednesday 14:40:02 EDT
2014-07-16 Wednesday 14:45:05 EDT
2014-07-16 Wednesday 14:50:02 EDT
2014-07-16 Wednesday 14:55:04 EDT
2014-07-16 Wednesday 15:00:02 EDT
2014-07-16 Wednesday 15:05:03 EDT
2014-07-16 Wednesday 15:10:02 EDT
2014-07-16 Wednesday 15:15:02 EDT
2014-07-16 Wednesday 15:20:03 EDT
2014-07-16 Wednesday 15:25:02 EDT
2014-07-16 Wednesday 15:30:02 EDT
2014-07-16 Wednesday 15:35:02 EDT
2014-07-16 Wednesday 15:40:03 EDT
2014-07-16 Wednesday 15:45:02 EDT
2014-07-16 Wednesday 15:50:04 EDT
2014-07-16 Wednesday 15:55:02 EDT
2014-07-16 Wednesday 16:00:02 EDT
2014-07-16 Wednesday 16:05:03 EDT
2014-07-16 Wednesday 16:10:02 EDT
2014-07-16 Wednesday 16:15:02 EDT
2014-07-16 Wednesday 16:20:07 EDT
2014-07-16 Wednesday 16:25:02 EDT
2014-07-16 Wednesday 16:30:04 EDT
2014-07-16 Wednesday 16:35:09 EDT
2014-07-16 Wednesday 16:40:02 EDT
2014-07-16 Wednesday 16:45:06 EDT
2014-07-16 Wednesday 16:50:02 EDT
2014-07-16 Wednesday 16:55:03 EDT
2014-07-16 Wednesday 17:00:02 EDT
2014-07-16 Wednesday 17:05:03 EDT
2014-07-16 Wednesday 17:10:02 EDT
2014-07-16 Wednesday 17:15:04 EDT
2014-07-16 Wednesday 17:20:02 EDT
2014-07-16 Wednesday 17:25:02 EDT
2014-07-16 Wednesday 17:30:02 EDT
2014-07-16 Wednesday 17:35:03 EDT
2014-07-16 Wednesday 17:40:02 EDT
2014-07-16 Wednesday 17:45:02 EDT
2014-07-16 Wednesday 17:50:03 EDT
2014-07-16 Wednesday 17:55:03 EDT
2014-07-16 Wednesday 18:00:03 EDT
2014-07-16 Wednesday 18:05:02 EDT
2014-07-16 Wednesday 18:10:03 EDT
2014-07-16 Wednesday 18:15:02 EDT
2014-07-16 Wednesday 18:20:04 EDT
2014-07-16 Wednesday 18:25:02 EDT
2014-07-16 Wednesday 18:30:03 EDT
2014-07-16 Wednesday 18:35:03 EDT
2014-07-16 Wednesday 18:40:06 EDT
2014-07-16 Wednesday 18:45:02 EDT
2014-07-16 Wednesday 18:50:03 EDT
2014-07-16 Wednesday 18:55:02 EDT
2014-07-16 Wednesday 19:00:03 EDT
2014-07-16 Wednesday 19:05:03 EDT
2014-07-16 Wednesday 19:10:04 EDT
2014-07-16 Wednesday 19:15:03 EDT
2014-07-16 Wednesday 19:20:02 EDT
2014-07-16 Wednesday 19:25:03 EDT
2014-07-16 Wednesday 19:30:02 EDT
2014-07-16 Wednesday 19:35:02 EDT
2014-07-16 Wednesday 19:40:03 EDT
2014-07-16 Wednesday 19:45:02 EDT
2014-07-16 Wednesday 19:50:03 EDT
2014-07-16 Wednesday 19:55:02 EDT
2014-07-16 Wednesday 20:00:06 EDT
2014-07-16 Wednesday 20:05:02 EDT
2014-07-16 Wednesday 20:10:03 EDT
2014-07-16 Wednesday 20:15:02 EDT
2014-07-16 Wednesday 20:20:04 EDT
2014-07-16 Wednesday 20:25:02 EDT
2014-07-16 Wednesday 20:30:02 EDT
2014-07-16 Wednesday 20:35:02 EDT
2014-07-16 Wednesday 20:40:03 EDT
2014-07-16 Wednesday 20:45:02 EDT
2014-07-16 Wednesday 20:50:03 EDT
2014-07-16 Wednesday 20:55:02 EDT
2014-07-16 Wednesday 21:00:02 EDT
2014-07-16 Wednesday 21:05:03 EDT
2014-07-16 Wednesday 21:10:02 EDT
2014-07-16 Wednesday 21:15:03 EDT
2014-07-16 Wednesday 21:20:03 EDT
2014-07-16 Wednesday 21:25:05 EDT
2014-07-16 Wednesday 21:30:02 EDT
2014-07-16 Wednesday 21:35:02 EDT
2014-07-16 Wednesday 21:40:02 EDT
2014-07-16 Wednesday 21:45:03 EDT
2014-07-16 Wednesday 21:50:02 EDT
2014-07-16 Wednesday 21:55:02 EDT
2014-07-16 Wednesday 22:00:02 EDT
2014-07-16 Wednesday 22:05:02 EDT
2014-07-16 Wednesday 22:10:02 EDT
2014-07-16 Wednesday 22:15:03 EDT
2014-07-16 Wednesday 22:20:02 EDT
2014-07-16 Wednesday 22:25:02 EDT
2014-07-16 Wednesday 22:30:03 EDT
2014-07-16 Wednesday 22:35:02 EDT
2014-07-16 Wednesday 22:40:03 EDT
2014-07-16 Wednesday 22:45:02 EDT
2014-07-16 Wednesday 22:50:04 EDT
2014-07-16 Wednesday 22:55:02 EDT
2014-07-16 Wednesday 23:00:03 EDT
2014-07-16 Wednesday 23:05:02 EDT
2014-07-16 Wednesday 23:10:05 EDT
2014-07-16 Wednesday 23:15:03 EDT
2014-07-16 Wednesday 23:20:13 EDT
2014-07-16 Wednesday 23:25:02 EDT
2014-07-16 Wednesday 23:30:02 EDT
2014-07-16 Wednesday 23:35:04 EDT
2014-07-16 Wednesday 23:40:02 EDT
2014-07-16 Wednesday 23:45:03 EDT
2014-07-16 Wednesday 23:50:02 EDT
2014-07-16 Wednesday 23:55:02 EDT
2014-07-17 Thursday 00:00:03 EDT
2014-07-17 Thursday 00:05:02 EDT
2014-07-17 Thursday 00:10:02 EDT
2014-07-17 Thursday 00:15:03 EDT
2014-07-17 Thursday 00:20:02 EDT
Traceback (most recent call last):
  File "/home/duporg/ccdiajcc/ajccbot2.py", line 34, in <module>
    response = opener.open(url +'.html', timeout = 120)
  File "/usr/lib/python2.6/urllib2.py", line 391, in open
    response = self._open(req, data)
  File "/usr/lib/python2.6/urllib2.py", line 409, in _open
    '_open', req)
  File "/usr/lib/python2.6/urllib2.py", line 369, in _call_chain
    result = func(*args)
  File "/usr/lib/python2.6/urllib2.py", line 1170, in http_open
    return self.do_open(httplib.HTTPConnection, req)
  File "/usr/lib/python2.6/urllib2.py", line 1145, in do_open
    raise URLError(err)
urllib2.URLError: <urlopen error [Errno -2] Name or service not known>
2014-07-17 Thursday 00:30:03 EDT
2014-07-17 Thursday 00:35:02 EDT
2014-07-17 Thursday 00:40:02 EDT
2014-07-17 Thursday 00:45:03 EDT
2014-07-17 Thursday 00:50:02 EDT
2014-07-17 Thursday 00:55:05 EDT
2014-07-17 Thursday 01:00:02 EDT
2014-07-17 Thursday 01:05:03 EDT
2014-07-17 Thursday 01:10:02 EDT
2014-07-17 Thursday 01:15:02 EDT
2014-07-17 Thursday 01:20:02 EDT
2014-07-17 Thursday 01:25:02 EDT
2014-07-17 Thursday 01:30:03 EDT
2014-07-17 Thursday 01:35:02 EDT
2014-07-17 Thursday 01:40:02 EDT
2014-07-17 Thursday 01:45:03 EDT
2014-07-17 Thursday 01:50:03 EDT
2014-07-17 Thursday 01:55:02 EDT
2014-07-17 Thursday 02:00:03 EDT
2014-07-17 Thursday 02:05:03 EDT
2014-07-17 Thursday 02:10:03 EDT
2014-07-17 Thursday 02:15:06 EDT
2014-07-17 Thursday 02:20:02 EDT
2014-07-17 Thursday 02:25:03 EDT
2014-07-17 Thursday 02:30:02 EDT
2014-07-17 Thursday 02:35:02 EDT
2014-07-17 Thursday 02:40:02 EDT
2014-07-17 Thursday 02:45:03 EDT
2014-07-17 Thursday 02:50:02 EDT
2014-07-17 Thursday 02:55:15 EDT
2014-07-17 Thursday 03:00:02 EDT
2014-07-17 Thursday 03:05:03 EDT
2014-07-17 Thursday 03:10:02 EDT
2014-07-17 Thursday 03:15:03 EDT
2014-07-17 Thursday 03:20:02 EDT
2014-07-17 Thursday 03:25:03 EDT
2014-07-17 Thursday 03:30:02 EDT
2014-07-17 Thursday 03:35:02 EDT
2014-07-17 Thursday 03:40:03 EDT
2014-07-17 Thursday 03:45:23 EDT
2014-07-17 Thursday 03:50:03 EDT
2014-07-17 Thursday 03:55:03 EDT
2014-07-17 Thursday 04:00:03 EDT
2014-07-17 Thursday 04:05:02 EDT
2014-07-17 Thursday 04:10:03 EDT
2014-07-17 Thursday 04:15:02 EDT
2014-07-17 Thursday 04:20:03 EDT
2014-07-17 Thursday 04:25:02 EDT
2014-07-17 Thursday 04:30:02 EDT
2014-07-17 Thursday 04:35:03 EDT
2014-07-17 Thursday 04:40:02 EDT
2014-07-17 Thursday 04:45:02 EDT
2014-07-17 Thursday 04:50:03 EDT
2014-07-17 Thursday 04:55:02 EDT
2014-07-17 Thursday 05:00:03 EDT
2014-07-17 Thursday 05:05:02 EDT
2014-07-17 Thursday 05:10:03 EDT
2014-07-17 Thursday 05:15:02 EDT
2014-07-17 Thursday 05:20:03 EDT
2014-07-17 Thursday 05:25:03 EDT
2014-07-17 Thursday 05:30:03 EDT
2014-07-17 Thursday 05:35:02 EDT
2014-07-17 Thursday 05:40:03 EDT
2014-07-17 Thursday 05:45:02 EDT
2014-07-17 Thursday 05:50:02 EDT
2014-07-17 Thursday 05:55:03 EDT
2014-07-17 Thursday 06:00:02 EDT
2014-07-17 Thursday 06:05:02 EDT
2014-07-17 Thursday 06:10:03 EDT
2014-07-17 Thursday 06:15:02 EDT
2014-07-17 Thursday 06:20:03 EDT
2014-07-17 Thursday 06:25:02 EDT
2014-07-17 Thursday 06:30:02 EDT
2014-07-17 Thursday 06:35:02 EDT
2014-07-17 Thursday 06:40:03 EDT
2014-07-17 Thursday 06:45:02 EDT
2014-07-17 Thursday 06:50:02 EDT
2014-07-17 Thursday 06:55:03 EDT
2014-07-17 Thursday 07:00:02 EDT
2014-07-17 Thursday 07:05:02 EDT
2014-07-17 Thursday 07:10:03 EDT
2014-07-17 Thursday 07:15:02 EDT
2014-07-17 Thursday 07:20:03 EDT
2014-07-17 Thursday 07:25:02 EDT
2014-07-17 Thursday 07:30:02 EDT
2014-07-17 Thursday 07:35:03 EDT
2014-07-17 Thursday 07:40:05 EDT
2014-07-17 Thursday 07:45:03 EDT
2014-07-17 Thursday 07:50:02 EDT
2014-07-17 Thursday 07:55:03 EDT
2014-07-17 Thursday 08:00:05 EDT
2014-07-17 Thursday 08:05:02 EDT
2014-07-17 Thursday 08:10:02 EDT
2014-07-17 Thursday 08:15:03 EDT
2014-07-17 Thursday 08:20:02 EDT
2014-07-17 Thursday 08:25:03 EDT
2014-07-17 Thursday 08:30:02 EDT
2014-07-17 Thursday 08:35:02 EDT
2014-07-17 Thursday 08:40:02 EDT
2014-07-17 Thursday 08:45:02 EDT
2014-07-17 Thursday 08:50:02 EDT
2014-07-17 Thursday 08:55:03 EDT
2014-07-17 Thursday 09:00:02 EDT
2014-07-17 Thursday 09:05:03 EDT
2014-07-17 Thursday 09:10:02 EDT
2014-07-17 Thursday 09:15:03 EDT
2014-07-17 Thursday 09:20:02 EDT
2014-07-17 Thursday 09:25:02 EDT
2014-07-17 Thursday 09:30:03 EDT
2014-07-17 Thursday 09:35:02 EDT
2014-07-17 Thursday 09:40:03 EDT
2014-07-17 Thursday 09:45:02 EDT
2014-07-17 Thursday 09:50:02 EDT
2014-07-17 Thursday 09:55:03 EDT
2014-07-17 Thursday 10:00:02 EDT
2014-07-17 Thursday 10:05:03 EDT
2014-07-17 Thursday 10:10:03 EDT
2014-07-17 Thursday 10:15:02 EDT
2014-07-17 Thursday 10:20:02 EDT
2014-07-17 Thursday 10:25:03 EDT
2014-07-17 Thursday 10:30:02 EDT
2014-07-17 Thursday 10:35:04 EDT
2014-07-17 Thursday 10:40:03 EDT
2014-07-17 Thursday 10:45:02 EDT
2014-07-17 Thursday 10:50:02 EDT
2014-07-17 Thursday 10:55:04 EDT
2014-07-17 Thursday 11:00:03 EDT
2014-07-17 Thursday 11:05:02 EDT
2014-07-17 Thursday 11:10:03 EDT
2014-07-17 Thursday 11:15:02 EDT
2014-07-17 Thursday 11:20:03 EDT
2014-07-17 Thursday 11:25:02 EDT
2014-07-17 Thursday 11:30:02 EDT
2014-07-17 Thursday 11:35:03 EDT
2014-07-17 Thursday 11:40:02 EDT
2014-07-17 Thursday 11:45:03 EDT
2014-07-17 Thursday 11:50:02 EDT
2014-07-17 Thursday 11:55:03 EDT
2014-07-17 Thursday 12:00:03 EDT
2014-07-17 Thursday 12:05:05 EDT
2014-07-17 Thursday 12:10:03 EDT
2014-07-17 Thursday 12:15:02 EDT
2014-07-17 Thursday 12:20:03 EDT
2014-07-17 Thursday 12:25:03 EDT
2014-07-17 Thursday 12:30:02 EDT
2014-07-17 Thursday 12:35:03 EDT
2014-07-17 Thursday 12:40:02 EDT
