nohup: ignoring input
{"created_at":"Mon Jul 14 23:16:04 +0800 2014","id":3732374825393449,"mid":"3732374825393449","idstr":"3732374825393449","text":"辽宁省大连市中级人民法院院长李威接受调查，来源：http://t.cn/RPPDMJ4，更新时间：2014-07-14 23:16 #中纪委案件查处#","source":"<a href=\"http://open.weibo.com\" rel=\"nofollow\">未通过审核应用</a>","favorited":false,"truncated":false,"in_reply_to_status_id":"","in_reply_to_user_id":"","in_reply_to_screen_name":"","pic_urls":[],"geo":null,"user":{"id":5216058845,"idstr":"5216058845","class":1,"screen_name":"ccdiajcc","name":"ccdiajcc","province":"11","city":"8","location":"北京 海淀区","description":"","url":"","profile_image_url":"http://tp2.sinaimg.cn/5216058845/50/5700293305/1","profile_url":"ccdiajcc","domain":"ccdiajcc","weihao":"","gender":"m","followers_count":0,"friends_count":4,"statuses_count":1,"favourites_count":0,"created_at":"Mon Jul 14 15:22:00 +0800 2014","following":false,"allow_all_act_msg":false,"geo_enabled":true,"verified":false,"verified_type":-1,"remark":"","ptype":0,"allow_all_comment":true,"avatar_large":"http://tp2.sinaimg.cn/5216058845/180/5700293305/1","avatar_hd":"http://ww2.sinaimg.cn/crop.29.0.199.199.1024/005H03bnjw1eicef1e66aj306z05kq31.jpg","verified_reason":"","verified_trade":"","verified_reason_url":"","verified_source":"","verified_source_url":"","follow_me":false,"online_status":0,"bi_followers_count":0,"lang":"zh-cn","star":0,"mbtype":0,"mbrank":0,"block_word":0,"block_app":0,"worldcup_guess":0},"reposts_count":0,"comments_count":0,"attitudes_count":0,"mlevel":0,"visible":{"type":0,"list_id":0},"darwin_tags":[]}
2014-07-14 Monday 11:16:04 EDT
2014-07-14 Monday 11:21:06 EDT
2014-07-14 Monday 11:26:07 EDT
2014-07-14 Monday 11:31:09 EDT
2014-07-14 Monday 11:36:10 EDT
2014-07-14 Monday 11:41:12 EDT
2014-07-14 Monday 11:46:13 EDT
2014-07-14 Monday 11:51:14 EDT
2014-07-14 Monday 11:56:15 EDT
2014-07-14 Monday 12:01:19 EDT
2014-07-14 Monday 12:06:20 EDT
2014-07-14 Monday 12:11:22 EDT
2014-07-14 Monday 12:16:23 EDT
2014-07-14 Monday 12:21:24 EDT
2014-07-14 Monday 12:26:25 EDT
2014-07-14 Monday 12:31:26 EDT
2014-07-14 Monday 12:36:27 EDT
2014-07-14 Monday 12:41:29 EDT
2014-07-14 Monday 12:46:30 EDT
2014-07-14 Monday 12:51:32 EDT
2014-07-14 Monday 12:56:33 EDT
2014-07-14 Monday 13:01:34 EDT
2014-07-14 Monday 13:06:36 EDT
2014-07-14 Monday 13:11:37 EDT
2014-07-14 Monday 13:16:49 EDT
2014-07-14 Monday 13:21:50 EDT
2014-07-14 Monday 13:26:51 EDT
2014-07-14 Monday 13:31:53 EDT
2014-07-14 Monday 13:36:54 EDT
2014-07-14 Monday 13:41:55 EDT
2014-07-14 Monday 13:46:56 EDT
2014-07-14 Monday 13:51:58 EDT
2014-07-14 Monday 13:57:02 EDT
2014-07-14 Monday 14:02:03 EDT
2014-07-14 Monday 14:07:05 EDT
2014-07-14 Monday 14:12:06 EDT
2014-07-14 Monday 14:17:07 EDT
2014-07-14 Monday 14:22:09 EDT
2014-07-14 Monday 14:27:10 EDT
2014-07-14 Monday 14:32:11 EDT
2014-07-14 Monday 14:37:12 EDT
2014-07-14 Monday 14:42:13 EDT
2014-07-14 Monday 14:47:14 EDT
2014-07-14 Monday 14:52:16 EDT
2014-07-14 Monday 14:57:17 EDT
2014-07-14 Monday 15:02:18 EDT
2014-07-14 Monday 15:07:20 EDT
2014-07-14 Monday 15:12:21 EDT
2014-07-14 Monday 15:17:22 EDT
2014-07-14 Monday 15:22:24 EDT
2014-07-14 Monday 15:27:25 EDT
2014-07-14 Monday 15:32:26 EDT
2014-07-14 Monday 15:37:27 EDT
2014-07-14 Monday 15:42:29 EDT
2014-07-14 Monday 15:47:31 EDT
2014-07-14 Monday 15:52:32 EDT
2014-07-14 Monday 15:57:33 EDT
2014-07-14 Monday 16:02:34 EDT
2014-07-14 Monday 16:07:36 EDT
2014-07-14 Monday 16:12:37 EDT
2014-07-14 Monday 16:17:38 EDT
2014-07-14 Monday 16:22:39 EDT
2014-07-14 Monday 16:27:40 EDT
2014-07-14 Monday 16:32:42 EDT
2014-07-14 Monday 16:37:43 EDT
2014-07-14 Monday 16:42:44 EDT
2014-07-14 Monday 16:47:46 EDT
2014-07-14 Monday 16:52:50 EDT
2014-07-14 Monday 16:57:52 EDT
2014-07-14 Monday 17:02:53 EDT
2014-07-14 Monday 17:07:54 EDT
2014-07-14 Monday 17:12:56 EDT
2014-07-14 Monday 17:17:57 EDT
2014-07-14 Monday 17:22:59 EDT
2014-07-14 Monday 17:28:00 EDT
2014-07-14 Monday 17:33:01 EDT
2014-07-14 Monday 17:38:02 EDT
2014-07-14 Monday 17:43:03 EDT
2014-07-14 Monday 17:48:04 EDT
2014-07-14 Monday 17:53:06 EDT
2014-07-14 Monday 17:58:07 EDT
2014-07-14 Monday 18:03:08 EDT
2014-07-14 Monday 18:08:10 EDT
2014-07-14 Monday 18:13:11 EDT
2014-07-14 Monday 18:18:12 EDT
2014-07-14 Monday 18:23:13 EDT
2014-07-14 Monday 18:28:15 EDT
2014-07-14 Monday 18:33:16 EDT
2014-07-14 Monday 18:38:18 EDT
2014-07-14 Monday 18:43:19 EDT
2014-07-14 Monday 18:48:20 EDT
2014-07-14 Monday 18:53:21 EDT
2014-07-14 Monday 18:58:22 EDT
2014-07-14 Monday 19:03:23 EDT
2014-07-14 Monday 19:08:26 EDT
2014-07-14 Monday 19:13:27 EDT
2014-07-14 Monday 19:18:28 EDT
2014-07-14 Monday 19:23:29 EDT
2014-07-14 Monday 19:28:31 EDT
2014-07-14 Monday 19:33:32 EDT
2014-07-14 Monday 19:38:34 EDT
2014-07-14 Monday 19:43:35 EDT
2014-07-14 Monday 19:48:36 EDT
2014-07-14 Monday 19:53:38 EDT
2014-07-14 Monday 19:58:40 EDT
2014-07-14 Monday 20:03:41 EDT
2014-07-14 Monday 20:08:42 EDT
2014-07-14 Monday 20:13:43 EDT
2014-07-14 Monday 20:18:44 EDT
2014-07-14 Monday 20:23:46 EDT
2014-07-14 Monday 20:28:47 EDT
2014-07-14 Monday 20:33:49 EDT
2014-07-14 Monday 20:38:51 EDT
2014-07-14 Monday 20:43:52 EDT
2014-07-14 Monday 20:48:53 EDT
{"created_at":"Tue Jul 15 08:53:57 +0800 2014","id":3732520254784195,"mid":"3732520254784195","idstr":"3732520254784195","text":"湖北省黄石市人大常委会党组书记朱中华接受调查，来源：http://t.cn/RPhKAXY，更新时间：2014-07-15 08:53 #中纪委案件查处#","source":"<a href=\"http://open.weibo.com\" rel=\"nofollow\">未通过审核应用</a>","favorited":false,"truncated":false,"in_reply_to_status_id":"","in_reply_to_user_id":"","in_reply_to_screen_name":"","pic_urls":[],"geo":null,"user":{"id":5216058845,"idstr":"5216058845","class":1,"screen_name":"ccdiajcc","name":"ccdiajcc","province":"11","city":"8","location":"北京 海淀区","description":"","url":"","profile_image_url":"http://tp2.sinaimg.cn/5216058845/50/5700293305/1","profile_url":"ccdiajcc","domain":"ccdiajcc","weihao":"","gender":"m","followers_count":0,"friends_count":4,"statuses_count":1,"favourites_count":0,"created_at":"Mon Jul 14 15:22:00 +0800 2014","following":false,"allow_all_act_msg":false,"geo_enabled":true,"verified":false,"verified_type":-1,"remark":"","ptype":0,"allow_all_comment":true,"avatar_large":"http://tp2.sinaimg.cn/5216058845/180/5700293305/1","avatar_hd":"http://ww2.sinaimg.cn/crop.29.0.199.199.1024/005H03bnjw1eicef1e66aj306z05kq31.jpg","verified_reason":"","verified_trade":"","verified_reason_url":"","verified_source":"","verified_source_url":"","follow_me":false,"online_status":0,"bi_followers_count":0,"lang":"zh-cn","star":0,"mbtype":0,"mbrank":0,"block_word":0,"block_app":0,"worldcup_guess":0},"reposts_count":0,"comments_count":0,"attitudes_count":0,"mlevel":0,"visible":{"type":0,"list_id":0},"darwin_tags":[]}
{"created_at":"Tue Jul 15 08:53:59 +0800 2014","id":3732520258980594,"mid":"3732520258980594","idstr":"3732520258980594","text":"湖北省宜昌市委常委、统战部部长熊伟接受组织调查，来源：http://t.cn/RPhKAbS，更新时间：2014-07-15 08:53 #中纪委案件查处#","source":"<a href=\"http://open.weibo.com\" rel=\"nofollow\">未通过审核应用</a>","favorited":false,"truncated":false,"in_reply_to_status_id":"","in_reply_to_user_id":"","in_reply_to_screen_name":"","pic_urls":[],"geo":null,"user":{"id":5216058845,"idstr":"5216058845","class":1,"screen_name":"ccdiajcc","name":"ccdiajcc","province":"11","city":"8","location":"北京 海淀区","description":"","url":"","profile_image_url":"http://tp2.sinaimg.cn/5216058845/50/5700293305/1","profile_url":"ccdiajcc","domain":"ccdiajcc","weihao":"","gender":"m","followers_count":0,"friends_count":4,"statuses_count":1,"favourites_count":0,"created_at":"Mon Jul 14 15:22:00 +0800 2014","following":false,"allow_all_act_msg":false,"geo_enabled":true,"verified":false,"verified_type":-1,"remark":"","ptype":0,"allow_all_comment":true,"avatar_large":"http://tp2.sinaimg.cn/5216058845/180/5700293305/1","avatar_hd":"http://ww2.sinaimg.cn/crop.29.0.199.199.1024/005H03bnjw1eicef1e66aj306z05kq31.jpg","verified_reason":"","verified_trade":"","verified_reason_url":"","verified_source":"","verified_source_url":"","follow_me":false,"online_status":0,"bi_followers_count":0,"lang":"zh-cn","star":0,"mbtype":0,"mbrank":0,"block_word":0,"block_app":0,"worldcup_guess":0},"reposts_count":0,"comments_count":0,"attitudes_count":0,"mlevel":0,"visible":{"type":0,"list_id":0},"darwin_tags":[]}
{"created_at":"Tue Jul 15 08:54:01 +0800 2014","id":3732520267371268,"mid":"3732520267371268","idstr":"3732520267371268","text":"湖北省宜昌市人大常委会副主任谭春玉接受组织调查，来源：http://t.cn/RPhKAbX，更新时间：2014-07-15 08:53 #中纪委案件查处#","source":"<a href=\"http://open.weibo.com\" rel=\"nofollow\">未通过审核应用</a>","favorited":false,"truncated":false,"in_reply_to_status_id":"","in_reply_to_user_id":"","in_reply_to_screen_name":"","pic_urls":[],"geo":null,"user":{"id":5216058845,"idstr":"5216058845","class":1,"screen_name":"ccdiajcc","name":"ccdiajcc","province":"11","city":"8","location":"北京 海淀区","description":"","url":"","profile_image_url":"http://tp2.sinaimg.cn/5216058845/50/5700293305/1","profile_url":"ccdiajcc","domain":"ccdiajcc","weihao":"","gender":"m","followers_count":0,"friends_count":4,"statuses_count":1,"favourites_count":0,"created_at":"Mon Jul 14 15:22:00 +0800 2014","following":false,"allow_all_act_msg":false,"geo_enabled":true,"verified":false,"verified_type":-1,"remark":"","ptype":0,"allow_all_comment":true,"avatar_large":"http://tp2.sinaimg.cn/5216058845/180/5700293305/1","avatar_hd":"http://ww2.sinaimg.cn/crop.29.0.199.199.1024/005H03bnjw1eicef1e66aj306z05kq31.jpg","verified_reason":"","verified_trade":"","verified_reason_url":"","verified_source":"","verified_source_url":"","follow_me":false,"online_status":0,"bi_followers_count":0,"lang":"zh-cn","star":0,"mbtype":0,"mbrank":0,"block_word":0,"block_app":0,"worldcup_guess":0},"reposts_count":0,"comments_count":0,"attitudes_count":0,"mlevel":0,"visible":{"type":0,"list_id":0},"darwin_tags":[]}
2014-07-14 Monday 20:54:00 EDT
2014-07-14 Monday 20:59:01 EDT
2014-07-14 Monday 21:04:05 EDT
2014-07-14 Monday 21:09:06 EDT
2014-07-14 Monday 21:14:08 EDT
2014-07-14 Monday 21:19:09 EDT
2014-07-14 Monday 21:24:10 EDT
2014-07-14 Monday 21:29:11 EDT
2014-07-14 Monday 21:34:12 EDT
2014-07-14 Monday 21:39:14 EDT
2014-07-14 Monday 21:44:20 EDT
2014-07-14 Monday 21:49:22 EDT
2014-07-14 Monday 21:54:23 EDT
2014-07-14 Monday 21:59:24 EDT
2014-07-14 Monday 22:04:25 EDT
2014-07-14 Monday 22:09:26 EDT
2014-07-14 Monday 22:14:28 EDT
2014-07-14 Monday 22:19:29 EDT
2014-07-14 Monday 22:24:30 EDT
2014-07-14 Monday 22:29:32 EDT
2014-07-14 Monday 22:34:33 EDT
2014-07-14 Monday 22:39:35 EDT
2014-07-14 Monday 22:44:36 EDT
2014-07-14 Monday 22:49:38 EDT
2014-07-14 Monday 22:54:39 EDT
2014-07-14 Monday 22:59:41 EDT
{"created_at":"Tue Jul 15 11:04:44 +0800 2014","id":3732553167259102,"mid":"3732553167259102","idstr":"3732553167259102","text":"湖南省政协原党组副书记、副主席阳宝华被开除党籍，来源：http://t.cn/RPhlq9B，更新时间：2014-07-15 11:04 #中纪委案件查处#","source":"<a href=\"http://open.weibo.com\" rel=\"nofollow\">未通过审核应用</a>","favorited":false,"truncated":false,"in_reply_to_status_id":"","in_reply_to_user_id":"","in_reply_to_screen_name":"","pic_urls":[],"geo":null,"user":{"id":5216058845,"idstr":"5216058845","class":1,"screen_name":"ccdiajcc","name":"ccdiajcc","province":"11","city":"8","location":"北京 海淀区","description":"让纪律检查来得更猛烈些吧！","url":"","profile_image_url":"http://tp2.sinaimg.cn/5216058845/50/5700293305/1","profile_url":"ccdiajcc","domain":"ccdiajcc","weihao":"","gender":"m","followers_count":0,"friends_count":5,"statuses_count":4,"favourites_count":0,"created_at":"Mon Jul 14 15:22:00 +0800 2014","following":false,"allow_all_act_msg":false,"geo_enabled":true,"verified":false,"verified_type":-1,"remark":"","ptype":0,"allow_all_comment":true,"avatar_large":"http://tp2.sinaimg.cn/5216058845/180/5700293305/1","avatar_hd":"http://ww2.sinaimg.cn/crop.29.0.199.199.1024/005H03bnjw1eicef1e66aj306z05kq31.jpg","verified_reason":"","verified_trade":"","verified_reason_url":"","verified_source":"","verified_source_url":"","follow_me":false,"online_status":0,"bi_followers_count":0,"lang":"zh-cn","star":0,"mbtype":0,"mbrank":0,"block_word":0,"block_app":0,"worldcup_guess":0},"reposts_count":0,"comments_count":0,"attitudes_count":0,"mlevel":0,"visible":{"type":0,"list_id":0},"darwin_tags":[]}
2014-07-14 Monday 23:04:44 EDT
2014-07-14 Monday 23:09:46 EDT
2014-07-14 Monday 23:14:47 EDT
2014-07-14 Monday 23:19:48 EDT
2014-07-14 Monday 23:24:50 EDT
2014-07-14 Monday 23:29:51 EDT
2014-07-14 Monday 23:34:52 EDT
2014-07-14 Monday 23:39:54 EDT
2014-07-14 Monday 23:44:55 EDT
2014-07-14 Monday 23:49:56 EDT
2014-07-14 Monday 23:54:58 EDT
2014-07-14 Monday 23:59:59 EDT
2014-07-15 Tuesday 00:05:01 EDT
2014-07-15 Tuesday 00:10:02 EDT
2014-07-15 Tuesday 00:15:03 EDT
2014-07-15 Tuesday 00:20:04 EDT
2014-07-15 Tuesday 00:25:06 EDT
2014-07-15 Tuesday 00:30:07 EDT
2014-07-15 Tuesday 00:35:08 EDT
2014-07-15 Tuesday 00:40:10 EDT
2014-07-15 Tuesday 00:45:11 EDT
2014-07-15 Tuesday 00:50:12 EDT
2014-07-15 Tuesday 00:55:13 EDT
2014-07-15 Tuesday 01:00:16 EDT
2014-07-15 Tuesday 01:05:17 EDT
2014-07-15 Tuesday 01:10:19 EDT
2014-07-15 Tuesday 01:15:20 EDT
2014-07-15 Tuesday 01:20:21 EDT
2014-07-15 Tuesday 01:25:25 EDT
2014-07-15 Tuesday 01:30:27 EDT
2014-07-15 Tuesday 01:35:28 EDT
2014-07-15 Tuesday 01:40:29 EDT
2014-07-15 Tuesday 01:45:30 EDT
2014-07-15 Tuesday 01:50:35 EDT
2014-07-15 Tuesday 01:55:36 EDT
2014-07-15 Tuesday 02:00:37 EDT
2014-07-15 Tuesday 02:05:39 EDT
2014-07-15 Tuesday 02:10:40 EDT
2014-07-15 Tuesday 02:15:41 EDT
2014-07-15 Tuesday 02:20:44 EDT
2014-07-15 Tuesday 02:25:45 EDT
2014-07-15 Tuesday 02:30:49 EDT
2014-07-15 Tuesday 02:35:50 EDT
2014-07-15 Tuesday 02:40:52 EDT
2014-07-15 Tuesday 02:45:53 EDT
2014-07-15 Tuesday 02:50:54 EDT
2014-07-15 Tuesday 02:55:55 EDT
2014-07-15 Tuesday 03:00:56 EDT
2014-07-15 Tuesday 03:05:59 EDT
2014-07-15 Tuesday 03:11:00 EDT
2014-07-15 Tuesday 03:16:03 EDT
2014-07-15 Tuesday 03:21:04 EDT
2014-07-15 Tuesday 03:26:05 EDT
2014-07-15 Tuesday 03:31:06 EDT
{"created_at":"Tue Jul 15 15:36:10 +0800 2014","id":3732621475503465,"mid":"3732621475503465","idstr":"3732621475503465","text":"安徽军工集团原董事长张友仁被开除党籍，来源：http://t.cn/RPhdICw，更新时间：2014-07-15 15:36 #中纪委案件查处#","source":"<a href=\"http://open.weibo.com\" rel=\"nofollow\">未通过审核应用</a>","favorited":false,"truncated":false,"in_reply_to_status_id":"","in_reply_to_user_id":"","in_reply_to_screen_name":"","pic_urls":[],"geo":null,"user":{"id":5216058845,"idstr":"5216058845","class":1,"screen_name":"ccdiajcc","name":"ccdiajcc","province":"11","city":"8","location":"北京 海淀区","description":"让纪律检查来得更猛烈些吧！","url":"","profile_image_url":"http://tp2.sinaimg.cn/5216058845/50/5700293305/1","profile_url":"ccdiajcc","domain":"ccdiajcc","weihao":"","gender":"m","followers_count":0,"friends_count":5,"statuses_count":4,"favourites_count":0,"created_at":"Mon Jul 14 15:22:00 +0800 2014","following":false,"allow_all_act_msg":false,"geo_enabled":true,"verified":false,"verified_type":-1,"remark":"","ptype":0,"allow_all_comment":true,"avatar_large":"http://tp2.sinaimg.cn/5216058845/180/5700293305/1","avatar_hd":"http://ww2.sinaimg.cn/crop.29.0.199.199.1024/005H03bnjw1eicef1e66aj306z05kq31.jpg","verified_reason":"","verified_trade":"","verified_reason_url":"","verified_source":"","verified_source_url":"","follow_me":false,"online_status":0,"bi_followers_count":0,"lang":"zh-cn","star":0,"mbtype":0,"mbrank":0,"block_word":0,"block_app":0,"worldcup_guess":0},"reposts_count":0,"comments_count":0,"attitudes_count":0,"mlevel":0,"visible":{"type":0,"list_id":0},"darwin_tags":[]}
2014-07-15 Tuesday 03:36:10 EDT
2014-07-15 Tuesday 03:41:12 EDT
2014-07-15 Tuesday 03:46:13 EDT
2014-07-15 Tuesday 03:51:14 EDT
2014-07-15 Tuesday 03:56:16 EDT
2014-07-15 Tuesday 04:01:18 EDT
2014-07-15 Tuesday 04:06:19 EDT
2014-07-15 Tuesday 04:11:21 EDT
2014-07-15 Tuesday 04:16:23 EDT
2014-07-15 Tuesday 04:21:24 EDT
2014-07-15 Tuesday 04:26:25 EDT
2014-07-15 Tuesday 04:31:27 EDT
2014-07-15 Tuesday 04:36:28 EDT
{"created_at":"Tue Jul 15 16:41:30 +0800 2014","id":3732637917636757,"mid":"3732637917636757","idstr":"3732637917636757","text":"湖南省政协原党组副书记、副主席阳宝华被开除党籍，来源：http://t.cn/RPhlq9B，更新时间：2014-07-15 16:41 #中纪委案件查处#","source":"<a href=\"http://open.weibo.com\" rel=\"nofollow\">未通过审核应用</a>","favorited":false,"truncated":false,"in_reply_to_status_id":"","in_reply_to_user_id":"","in_reply_to_screen_name":"","pic_urls":[],"geo":null,"user":{"id":5216058845,"idstr":"5216058845","class":1,"screen_name":"ccdiajcc","name":"ccdiajcc","province":"11","city":"8","location":"北京 海淀区","description":"让纪律检查来得更猛烈些吧！","url":"","profile_image_url":"http://tp2.sinaimg.cn/5216058845/50/5700293305/1","profile_url":"ccdiajcc","domain":"ccdiajcc","weihao":"","gender":"m","followers_count":0,"friends_count":5,"statuses_count":4,"favourites_count":0,"created_at":"Mon Jul 14 15:22:00 +0800 2014","following":false,"allow_all_act_msg":false,"geo_enabled":true,"verified":false,"verified_type":-1,"remark":"","ptype":0,"allow_all_comment":true,"avatar_large":"http://tp2.sinaimg.cn/5216058845/180/5700293305/1","avatar_hd":"http://ww2.sinaimg.cn/crop.29.0.199.199.1024/005H03bnjw1eicef1e66aj306z05kq31.jpg","verified_reason":"","verified_trade":"","verified_reason_url":"","verified_source":"","verified_source_url":"","follow_me":false,"online_status":0,"bi_followers_count":0,"lang":"zh-cn","star":0,"mbtype":0,"mbrank":0,"block_word":0,"block_app":0,"worldcup_guess":0},"reposts_count":0,"comments_count":0,"attitudes_count":0,"mlevel":0,"visible":{"type":0,"list_id":0},"darwin_tags":[]}
{"created_at":"Tue Jul 15 16:41:34 +0800 2014","id":3732637926028543,"mid":"3732637926028543","idstr":"3732637926028543","text":"沈阳市人民检察院原检察长张东阳被开除党籍公职，来源：http://t.cn/RPhkHrS，更新时间：2014-07-15 16:41 #中纪委案件查处#","source":"<a href=\"http://open.weibo.com\" rel=\"nofollow\">未通过审核应用</a>","favorited":false,"truncated":false,"in_reply_to_status_id":"","in_reply_to_user_id":"","in_reply_to_screen_name":"","pic_urls":[],"geo":null,"user":{"id":5216058845,"idstr":"5216058845","class":1,"screen_name":"ccdiajcc","name":"ccdiajcc","province":"11","city":"8","location":"北京 海淀区","description":"让纪律检查来得更猛烈些吧！","url":"","profile_image_url":"http://tp2.sinaimg.cn/5216058845/50/5700293305/1","profile_url":"ccdiajcc","domain":"ccdiajcc","weihao":"","gender":"m","followers_count":0,"friends_count":5,"statuses_count":4,"favourites_count":0,"created_at":"Mon Jul 14 15:22:00 +0800 2014","following":false,"allow_all_act_msg":false,"geo_enabled":true,"verified":false,"verified_type":-1,"remark":"","ptype":0,"allow_all_comment":true,"avatar_large":"http://tp2.sinaimg.cn/5216058845/180/5700293305/1","avatar_hd":"http://ww2.sinaimg.cn/crop.29.0.199.199.1024/005H03bnjw1eicef1e66aj306z05kq31.jpg","verified_reason":"","verified_trade":"","verified_reason_url":"","verified_source":"","verified_source_url":"","follow_me":false,"online_status":0,"bi_followers_count":0,"lang":"zh-cn","star":0,"mbtype":0,"mbrank":0,"block_word":0,"block_app":0,"worldcup_guess":0},"reposts_count":0,"comments_count":0,"attitudes_count":0,"mlevel":0,"visible":{"type":0,"list_id":0},"darwin_tags":[]}
2014-07-15 Tuesday 04:41:33 EDT
2014-07-15 Tuesday 04:46:34 EDT
2014-07-15 Tuesday 04:51:35 EDT
2014-07-15 Tuesday 04:56:36 EDT
2014-07-15 Tuesday 05:01:38 EDT
2014-07-15 Tuesday 05:06:39 EDT
2014-07-15 Tuesday 05:11:40 EDT
2014-07-15 Tuesday 05:16:41 EDT
2014-07-15 Tuesday 05:21:42 EDT
2014-07-15 Tuesday 05:26:44 EDT
2014-07-15 Tuesday 05:31:45 EDT
2014-07-15 Tuesday 05:36:46 EDT
2014-07-15 Tuesday 05:41:47 EDT
2014-07-15 Tuesday 05:46:48 EDT
2014-07-15 Tuesday 05:51:49 EDT
2014-07-15 Tuesday 05:56:50 EDT
2014-07-15 Tuesday 06:01:52 EDT
2014-07-15 Tuesday 06:06:53 EDT
201nohup: ignoring input
{"created_at":"Wed Jul 16 00:54:26 +0800 2014","id":3732761964020060,"mid":"3732761964020060","idstr":"3732761964020060","text":"湖南省政协原党组副书记、副主席阳宝华被开除党籍，来源：http://t.cn/RPhlq9B，更新时间：2014-07-16 00:54 #中纪委案件查处#","source":"<a href=\"http://open.weibo.com\" rel=\"nofollow\">未通过审核应用</a>","favorited":false,"truncated":false,"in_reply_to_status_id":"","in_reply_to_user_id":"","in_reply_to_screen_name":"","pic_urls":[],"geo":null,"user":{"id":5216058845,"idstr":"5216058845","class":1,"screen_name":"ccdiajcc","name":"ccdiajcc","province":"11","city":"8","location":"北京 海淀区","description":"让纪律检查来得更猛烈些吧！","url":"","profile_image_url":"http://tp2.sinaimg.cn/5216058845/50/5700293305/1","profile_url":"ccdiajcc","domain":"ccdiajcc","weihao":"","gender":"m","followers_count":0,"friends_count":5,"statuses_count":4,"favourites_count":0,"created_at":"Mon Jul 14 15:22:00 +0800 2014","following":false,"allow_all_act_msg":false,"geo_enabled":true,"verified":false,"verified_type":-1,"remark":"","ptype":0,"allow_all_comment":true,"avatar_large":"http://tp2.sinaimg.cn/5216058845/180/5700293305/1","avatar_hd":"http://ww2.sinaimg.cn/crop.29.0.199.199.1024/005H03bnjw1eicef1e66aj306z05kq31.jpg","verified_reason":"","verified_trade":"","verified_reason_url":"","verified_source":"","verified_source_url":"","follow_me":false,"online_status":0,"bi_followers_count":0,"lang":"zh-cn","star":0,"mbtype":0,"mbrank":0,"block_word":0,"block_app":0},"reposts_count":0,"comments_count":0,"attitudes_count":0,"mlevel":0,"visible":{"type":0,"list_id":0},"darwin_tags":[]}
2014-07-15 Tuesday 12:54:25 EDT
Traceback (most recent call last):
  File "ajccbot.py", line 36, in <module>
    htmldata = response.read().decode('utf8')
  File "/usr/lib/python2.6/socket.py", line 348, in read
    data = self._sock.recv(rbufsize)
  File "/usr/lib/python2.6/httplib.py", line 542, in read
    s = self.fp.read(amt)
  File "/usr/lib/python2.6/socket.py", line 377, in read
    data = self._sock.recv(left)
socket.error: [Errno 104] Connection reset by peer
nohup: ignoring input
nohup: ignoring input
{"created_at":"Wed Jul 16 02:09:30 +0800 2014","id":3732780855048354,"mid":"3732780855048354","idstr":"3732780855048354","text":"湖南省政协原党组副书记、副主席阳宝华被开除党籍，来源：http://t.cn/RPhlq9B，更新时间：2014-07-16 02:09 #中纪委案件查处#","source":"<a href=\"http://open.weibo.com\" rel=\"nofollow\">未通过审核应用</a>","favorited":false,"truncated":false,"in_reply_to_status_id":"","in_reply_to_user_id":"","in_reply_to_screen_name":"","pic_urls":[],"geo":null,"user":{"id":5216058845,"idstr":"5216058845","class":1,"screen_name":"ccdiajcc","name":"ccdiajcc","province":"11","city":"8","location":"北京 海淀区","description":"让纪律检查来得更猛烈些吧！","url":"","profile_image_url":"http://tp2.sinaimg.cn/5216058845/50/5700293305/1","profile_url":"ccdiajcc","domain":"ccdiajcc","weihao":"","gender":"m","followers_count":0,"friends_count":5,"statuses_count":4,"favourites_count":0,"created_at":"Mon Jul 14 15:22:00 +0800 2014","following":false,"allow_all_act_msg":false,"geo_enabled":true,"verified":false,"verified_type":-1,"remark":"","ptype":0,"allow_all_comment":true,"avatar_large":"http://tp2.sinaimg.cn/5216058845/180/5700293305/1","avatar_hd":"http://ww2.sinaimg.cn/crop.29.0.199.199.1024/005H03bnjw1eicef1e66aj306z05kq31.jpg","verified_reason":"","verified_trade":"","verified_reason_url":"","verified_source":"","verified_source_url":"","follow_me":false,"online_status":0,"bi_followers_count":0,"lang":"zh-cn","star":0,"mbtype":0,"mbrank":0,"block_word":0,"block_app":0},"reposts_count":0,"comments_count":0,"attitudes_count":0,"mlevel":0,"visible":{"type":0,"list_id":0},"darwin_tags":[]}
2014-07-15 Tuesday 14:09:29 EDT
Traceback (most recent call last):
  File "ajccbot.py", line 36, in <module>
    htmldata = response.read().decode('utf8')
  File "/usr/lib/python2.6/socket.py", line 348, in read
    data = self._sock.recv(rbufsize)
  File "/usr/lib/python2.6/httplib.py", line 542, in read
    s = self.fp.read(amt)
  File "/usr/lib/python2.6/socket.py", line 377, in read
    data = self._sock.recv(left)
socket.timeout: timed out
